<?xml version="1.0" encoding="UTF-8"?>
<!-- Generated by org.testng.reporters.JUnitXMLReporter -->
<testsuite ignored="0" hostname="USER" failures="0" tests="6" name="Default test" time="13.937" errors="0" timestamp="2023-08-19T16:45:06 IST">
  <testcase classname="api.test.DataDrivenTestsUserModule" name="testPostUser" time="4.958"/>
  <testcase classname="api.test.DataDrivenTestsUserModule" name="testPostUser" time="1.336"/>
  <testcase classname="api.test.DataDrivenTestsUserModule" name="testPostUser" time="1.228"/>
  <testcase classname="api.test.DataDrivenTestsUserModule" name="testDeleteUserByName" time="1.269"/>
  <testcase classname="api.test.DataDrivenTestsUserModule" name="testDeleteUserByName" time="1.312"/>
  <testcase classname="api.test.DataDrivenTestsUserModule" name="testDeleteUserByName" time="1.174"/>
</testsuite> <!-- Default test -->
