<?xml version="1.0" encoding="UTF-8"?>
<!-- Generated by org.testng.reporters.JUnitXMLReporter -->
<testsuite ignored="0" hostname="USER" failures="0" tests="4" name="Test" time="13.622" errors="0" timestamp="2023-08-19T17:28:05 IST">
  <testcase classname="api.test.UserTests2" name="testPostUser" time="5.016"/>
  <testcase classname="api.test.UserTests2" name="testGetUser" time="1.222"/>
  <testcase classname="api.test.UserTests2" name="testUpdateUser" time="2.474"/>
  <testcase classname="api.test.UserTests2" name="testdeleteUser" time="3.392"/>
</testsuite> <!-- Test -->
