<?xml version="1.0" encoding="UTF-8"?>
<!-- Generated by org.testng.reporters.JUnitXMLReporter -->
<testsuite ignored="0" hostname="USER" failures="0" tests="4" name="Test" time="10.836" errors="0" timestamp="2023-08-19T17:43:17 IST">
  <testcase classname="api.test.UserTests2" name="testPostUser" time="4.171"/>
  <testcase classname="api.test.UserTests2" name="testGetUser" time="1.242"/>
  <testcase classname="api.test.UserTests2" name="testUpdateUser" time="2.59"/>
  <testcase classname="api.test.UserTests2" name="testdeleteUser" time="1.201"/>
</testsuite> <!-- Test -->
