<?xml version="1.0" encoding="UTF-8"?>
<testng-results ignored="0" total="4" passed="4" failed="0" skipped="0">
  <reporter-output>
  </reporter-output>
  <suite started-at="2023-08-19T17:43:06 IST" name="Suite" finished-at="2023-08-19T17:43:17 IST" duration-ms="10836">
    <groups>
    </groups>
    <test started-at="2023-08-19T17:43:06 IST" name="Test" finished-at="2023-08-19T17:43:17 IST" duration-ms="10836">
      <class name="api.test.UserTests2">
        <test-method is-config="true" signature="setup()[pri:0, instance:api.test.UserTests2@5677323c]" started-at="2023-08-19T17:43:06 IST" name="setup" finished-at="2023-08-19T17:43:07 IST" duration-ms="1146" status="PASS">
          <reporter-output>
          </reporter-output>
        </test-method> <!-- setup -->
        <test-method signature="testPostUser()[pri:1, instance:api.test.UserTests2@5677323c]" started-at="2023-08-19T17:43:07 IST" name="testPostUser" finished-at="2023-08-19T17:43:12 IST" duration-ms="4171" status="PASS">
          <reporter-output>
          </reporter-output>
        </test-method> <!-- testPostUser -->
        <test-method signature="testGetUser()[pri:2, instance:api.test.UserTests2@5677323c]" started-at="2023-08-19T17:43:12 IST" name="testGetUser" finished-at="2023-08-19T17:43:13 IST" duration-ms="1242" status="PASS">
          <reporter-output>
          </reporter-output>
        </test-method> <!-- testGetUser -->
        <test-method signature="testUpdateUser()[pri:3, instance:api.test.UserTests2@5677323c]" started-at="2023-08-19T17:43:13 IST" name="testUpdateUser" finished-at="2023-08-19T17:43:16 IST" duration-ms="2590" status="PASS">
          <reporter-output>
          </reporter-output>
        </test-method> <!-- testUpdateUser -->
        <test-method signature="testdeleteUser()[pri:4, instance:api.test.UserTests2@5677323c]" started-at="2023-08-19T17:43:16 IST" name="testdeleteUser" finished-at="2023-08-19T17:43:17 IST" duration-ms="1201" status="PASS">
          <reporter-output>
          </reporter-output>
        </test-method> <!-- testdeleteUser -->
      </class> <!-- api.test.UserTests2 -->
    </test> <!-- Test -->
  </suite> <!-- Suite -->
</testng-results>
