<?xml version="1.0" encoding="UTF-8"?>
<testng-results ignored="0" total="4" passed="4" failed="0" skipped="0">
  <reporter-output>
  </reporter-output>
  <suite started-at="2023-08-19T17:27:51 IST" name="Suite" finished-at="2023-08-19T17:28:05 IST" duration-ms="13622">
    <groups>
    </groups>
    <test started-at="2023-08-19T17:27:51 IST" name="Test" finished-at="2023-08-19T17:28:05 IST" duration-ms="13622">
      <class name="api.test.UserTests2">
        <test-method is-config="true" signature="setup()[pri:0, instance:api.test.UserTests2@4a883b15]" started-at="2023-08-19T17:27:52 IST" name="setup" finished-at="2023-08-19T17:27:53 IST" duration-ms="1027" status="PASS">
          <reporter-output>
          </reporter-output>
        </test-method> <!-- setup -->
        <test-method signature="testPostUser()[pri:1, instance:api.test.UserTests2@4a883b15]" started-at="2023-08-19T17:27:53 IST" name="testPostUser" finished-at="2023-08-19T17:27:58 IST" duration-ms="5016" status="PASS">
          <reporter-output>
          </reporter-output>
        </test-method> <!-- testPostUser -->
        <test-method signature="testGetUser()[pri:2, instance:api.test.UserTests2@4a883b15]" started-at="2023-08-19T17:27:58 IST" name="testGetUser" finished-at="2023-08-19T17:27:59 IST" duration-ms="1222" status="PASS">
          <reporter-output>
          </reporter-output>
        </test-method> <!-- testGetUser -->
        <test-method signature="testUpdateUser()[pri:3, instance:api.test.UserTests2@4a883b15]" started-at="2023-08-19T17:27:59 IST" name="testUpdateUser" finished-at="2023-08-19T17:28:02 IST" duration-ms="2474" status="PASS">
          <reporter-output>
          </reporter-output>
        </test-method> <!-- testUpdateUser -->
        <test-method signature="testdeleteUser()[pri:4, instance:api.test.UserTests2@4a883b15]" started-at="2023-08-19T17:28:02 IST" name="testdeleteUser" finished-at="2023-08-19T17:28:05 IST" duration-ms="3392" status="PASS">
          <reporter-output>
          </reporter-output>
        </test-method> <!-- testdeleteUser -->
      </class> <!-- api.test.UserTests2 -->
    </test> <!-- Test -->
  </suite> <!-- Suite -->
</testng-results>
